c:\users\administrador\desktop\engine\enginedll\debug\vc141.pdb
c:\users\administrador\desktop\engine\enginedll\debug\vc141.idb
c:\users\administrador\desktop\engine\enginedll\debug\window.obj
c:\users\administrador\desktop\engine\enginedll\debug\triangle.obj
c:\users\administrador\desktop\engine\enginedll\debug\tilemap.obj
c:\users\administrador\desktop\engine\enginedll\debug\textureimporter.obj
c:\users\administrador\desktop\engine\enginedll\debug\sprite.obj
c:\users\administrador\desktop\engine\enginedll\debug\shape.obj
c:\users\administrador\desktop\engine\enginedll\debug\renderer.obj
c:\users\administrador\desktop\engine\enginedll\debug\rectangle.obj
c:\users\administrador\desktop\engine\enginedll\debug\material.obj
c:\users\administrador\desktop\engine\enginedll\debug\input.obj
c:\users\administrador\desktop\engine\enginedll\debug\gamebase.obj
c:\users\administrador\desktop\engine\enginedll\debug\entity.obj
c:\users\administrador\desktop\engine\enginedll\debug\definitions.obj
c:\users\administrador\desktop\engine\enginedll\debug\collisionmanager.obj
c:\users\administrador\desktop\engine\enginedll\debug\circle.obj
c:\users\administrador\desktop\engine\enginedll\debug\camera.obj
c:\users\administrador\desktop\engine\enginedll\debug\animation.obj
c:\users\administrador\desktop\engine\enginedll\debug\mesh.obj
c:\users\administrador\desktop\engine\debug\ enginedll.lib
c:\users\administrador\desktop\engine\debug\ enginedll.exp
c:\users\administrador\desktop\engine\debug\enginedll.ilk
c:\users\administrador\desktop\engine\debug\enginedll.dll
c:\users\administrador\desktop\engine\debug\enginedll.pdb
c:\users\administrador\desktop\engine\enginedll\debug\enginedll.tlog\cl.command.1.tlog
c:\users\administrador\desktop\engine\enginedll\debug\enginedll.tlog\cl.read.1.tlog
c:\users\administrador\desktop\engine\enginedll\debug\enginedll.tlog\cl.write.1.tlog
c:\users\administrador\desktop\engine\enginedll\debug\enginedll.tlog\enginedll.write.1u.tlog
c:\users\administrador\desktop\engine\enginedll\debug\enginedll.tlog\link.2628.delete.1.tlog
c:\users\administrador\desktop\engine\enginedll\debug\enginedll.tlog\link.3060.delete.1.tlog
c:\users\administrador\desktop\engine\enginedll\debug\enginedll.tlog\link.command.1.tlog
c:\users\administrador\desktop\engine\enginedll\debug\enginedll.tlog\link.delete.1.tlog
c:\users\administrador\desktop\engine\enginedll\debug\enginedll.tlog\link.read.1.tlog
c:\users\administrador\desktop\engine\enginedll\debug\enginedll.tlog\link.write.1.tlog
