  Animation.cpp
e:\rodrigo\ic\3-1\graficos 2\peralta_rodrigo_engine_entrega_2\enginedll\definitions.h(4): fatal error C1083: Cannot open include file: 'GL\glew.h': No such file or directory
  Camera.cpp
  CameraC.cpp
e:\rodrigo\ic\3-1\graficos 2\peralta_rodrigo_engine_entrega_2\enginedll\component.h(7): warning C4251: 'Component::name': class 'std::basic_string<char,std::char_traits<char>,std::allocator<char>>' needs to have dll-interface to be used by clients of class 'Component'
  c:\program files (x86)\microsoft visual studio\2017\community\vc\tools\msvc\14.16.27023\include\xstring(4373): note: see declaration of 'std::basic_string<char,std::char_traits<char>,std::allocator<char>>'
e:\rodrigo\ic\3-1\graficos 2\peralta_rodrigo_engine_entrega_2\enginedll\material.h(9): fatal error C1083: Cannot open include file: 'GL\glew.h': No such file or directory
  Circle.cpp
e:\rodrigo\ic\3-1\graficos 2\peralta_rodrigo_engine_entrega_2\enginedll\material.h(9): fatal error C1083: Cannot open include file: 'GL\glew.h': No such file or directory
  CollisionManager.cpp
e:\rodrigo\ic\3-1\graficos 2\peralta_rodrigo_engine_entrega_2\enginedll\material.h(9): fatal error C1083: Cannot open include file: 'GL\glew.h': No such file or directory
  Component.cpp
e:\rodrigo\ic\3-1\graficos 2\peralta_rodrigo_engine_entrega_2\enginedll\component.h(7): warning C4251: 'Component::name': class 'std::basic_string<char,std::char_traits<char>,std::allocator<char>>' needs to have dll-interface to be used by clients of class 'Component'
  c:\program files (x86)\microsoft visual studio\2017\community\vc\tools\msvc\14.16.27023\include\xstring(4373): note: see declaration of 'std::basic_string<char,std::char_traits<char>,std::allocator<char>>'
  Definitions.cpp
e:\rodrigo\ic\3-1\graficos 2\peralta_rodrigo_engine_entrega_2\enginedll\definitions.h(4): fatal error C1083: Cannot open include file: 'GL\glew.h': No such file or directory
  Entity.cpp
e:\rodrigo\ic\3-1\graficos 2\peralta_rodrigo_engine_entrega_2\enginedll\material.h(9): fatal error C1083: Cannot open include file: 'GL\glew.h': No such file or directory
  GameBase.cpp
e:\rodrigo\ic\3-1\graficos 2\peralta_rodrigo_engine_entrega_2\enginedll\definitions.h(4): fatal error C1083: Cannot open include file: 'GL\glew.h': No such file or directory
  Input.cpp
e:\rodrigo\ic\3-1\graficos 2\peralta_rodrigo_engine_entrega_2\enginedll\definitions.h(4): fatal error C1083: Cannot open include file: 'GL\glew.h': No such file or directory
  Material.cpp
e:\rodrigo\ic\3-1\graficos 2\peralta_rodrigo_engine_entrega_2\enginedll\material.h(9): fatal error C1083: Cannot open include file: 'GL\glew.h': No such file or directory
  Mesh.cpp
e:\rodrigo\ic\3-1\graficos 2\peralta_rodrigo_engine_entrega_2\enginedll\material.h(9): fatal error C1083: Cannot open include file: 'GL\glew.h': No such file or directory
  MeshRendererC.cpp
e:\rodrigo\ic\3-1\graficos 2\peralta_rodrigo_engine_entrega_2\enginedll\component.h(7): warning C4251: 'Component::name': class 'std::basic_string<char,std::char_traits<char>,std::allocator<char>>' needs to have dll-interface to be used by clients of class 'Component'
  c:\program files (x86)\microsoft visual studio\2017\community\vc\tools\msvc\14.16.27023\include\xstring(4373): note: see declaration of 'std::basic_string<char,std::char_traits<char>,std::allocator<char>>'
e:\rodrigo\ic\3-1\graficos 2\peralta_rodrigo_engine_entrega_2\enginedll\material.h(9): fatal error C1083: Cannot open include file: 'GL\glew.h': No such file or directory
  Model.cpp
e:\rodrigo\ic\3-1\graficos 2\peralta_rodrigo_engine_entrega_2\enginedll\material.h(9): fatal error C1083: Cannot open include file: 'GL\glew.h': No such file or directory
  Rectangle.cpp
e:\rodrigo\ic\3-1\graficos 2\peralta_rodrigo_engine_entrega_2\enginedll\material.h(9): fatal error C1083: Cannot open include file: 'GL\glew.h': No such file or directory
  Renderer.cpp
e:\rodrigo\ic\3-1\graficos 2\peralta_rodrigo_engine_entrega_2\enginedll\material.h(9): fatal error C1083: Cannot open include file: 'GL\glew.h': No such file or directory
  SceneNode.cpp
e:\rodrigo\ic\3-1\graficos 2\peralta_rodrigo_engine_entrega_2\enginedll\material.h(9): fatal error C1083: Cannot open include file: 'GL\glew.h': No such file or directory
  Shape.cpp
e:\rodrigo\ic\3-1\graficos 2\peralta_rodrigo_engine_entrega_2\enginedll\material.h(9): fatal error C1083: Cannot open include file: 'GL\glew.h': No such file or directory
  Sprite.cpp
e:\rodrigo\ic\3-1\graficos 2\peralta_rodrigo_engine_entrega_2\enginedll\definitions.h(4): fatal error C1083: Cannot open include file: 'GL\glew.h': No such file or directory
  TextureImporter.cpp
e:\rodrigo\ic\3-1\graficos 2\peralta_rodrigo_engine_entrega_2\enginedll\material.h(9): fatal error C1083: Cannot open include file: 'GL\glew.h': No such file or directory
  Generating Code...
  Compiling...
  Tilemap.cpp
e:\rodrigo\ic\3-1\graficos 2\peralta_rodrigo_engine_entrega_2\enginedll\definitions.h(4): fatal error C1083: Cannot open include file: 'GL\glew.h': No such file or directory
  Transform.cpp
e:\rodrigo\ic\3-1\graficos 2\peralta_rodrigo_engine_entrega_2\enginedll\transform.h(2): fatal error C1083: Cannot open include file: 'GL\glew.h': No such file or directory
  Triangle.cpp
e:\rodrigo\ic\3-1\graficos 2\peralta_rodrigo_engine_entrega_2\enginedll\material.h(9): fatal error C1083: Cannot open include file: 'GL\glew.h': No such file or directory
  Window.cpp
e:\rodrigo\ic\3-1\graficos 2\peralta_rodrigo_engine_entrega_2\enginedll\window.cpp(5): fatal error C1083: Cannot open include file: 'glm\glm.hpp': No such file or directory
  Generating Code...
